2024-07-05 18:29:18 INFO  TC001_AccountRegistrationTest:14 - *****Started TC001_AccountRegistrationTest 
2024-07-05 18:29:19 INFO  TC001_AccountRegistrationTest:17 - *****Clicked on My account 
2024-07-05 18:29:20 INFO  TC001_AccountRegistrationTest:19 - *****Clicked on Register link 
2024-07-05 18:29:20 INFO  TC001_AccountRegistrationTest:22 - *****Entering Personal Details***** 
2024-07-05 18:29:24 INFO  TC001_AccountRegistrationTest:34 - Validating Expected Message
2024-07-05 18:29:24 INFO  TC001_AccountRegistrationTest:46 - Finished test case execution
2024-07-05 18:29:28 INFO  TC002_LoginTest:15 - Starting TC002_LoginTest
2024-07-05 18:29:31 INFO  TC002_LoginTest:40 - ....Finsinshed TC002 Exceution...
2024-07-05 19:32:41 INFO  Utils:112 - [TestNG] Running:
  C:\Workspace\SeleniumWebDriver\OpencartV121\master.xml

2024-07-05 19:32:46 INFO  TC004_AddProductToCart:14 - Starting TC002_LoginTest
2024-07-05 19:33:27 INFO  Utils:112 - [TestNG] Running:
  C:\Workspace\SeleniumWebDriver\OpencartV121\master.xml

2024-07-05 19:34:24 INFO  Utils:112 - [Utils] MethodGroupsHelper.collectMethodsByGroup() took 1 ms.
2024-07-05 19:34:24 INFO  Utils:112 - [Utils] MethodGroupsHelper.sortMethods() took 2 ms.
2024-07-05 19:34:24 INFO  Utils:112 - [Utils] MethodGroupsHelper.collectMethodsByGroup() took 0 ms.
2024-07-05 19:34:24 INFO  Utils:112 - [Utils] MethodGroupsHelper.sortMethods() took 0 ms.
2024-07-05 19:34:24 INFO  Utils:112 - [Utils] MethodGroupsHelper.collectMethodsByGroup() took 0 ms.
2024-07-05 19:34:24 INFO  Utils:112 - [Utils] MethodGroupsHelper.sortMethods() took 0 ms.
2024-07-05 19:34:24 INFO  Utils:112 - [Utils] MethodGroupsHelper.collectMethodsByGroup() took 0 ms.
2024-07-05 19:34:24 INFO  Utils:112 - [Utils] MethodGroupsHelper.sortMethods() took 0 ms.
2024-07-05 19:34:24 INFO  Utils:112 - [Utils] MethodGroupsHelper.collectMethodsByGroup() took 6 ms.
2024-07-05 19:34:24 INFO  Utils:112 - [Utils] MethodGroupsHelper.sortMethods() took 16 ms.
2024-07-05 19:34:24 INFO  Utils:112 - [Utils] MethodGroupsHelper.collectMethodsByGroup() took 1 ms.
2024-07-05 19:34:24 INFO  Utils:112 - [Utils] MethodGroupsHelper.sortMethods() took 0 ms.
2024-07-05 19:34:24 INFO  Utils:112 - [Utils] MethodGroupsHelper.collectMethodsByGroup() took 0 ms.
2024-07-05 19:34:24 INFO  Utils:112 - [Utils] MethodGroupsHelper.sortMethods() took 0 ms.
2024-07-05 19:34:24 INFO  Utils:112 - [Utils] MethodGroupsHelper.collectMethodsByGroup() took 0 ms.
2024-07-05 19:34:24 INFO  Utils:112 - [Utils] MethodGroupsHelper.sortMethods() took 0 ms.
2024-07-05 19:34:24 INFO  Utils:112 - [Utils] MethodGroupsHelper.collectMethodsByGroup() took 0 ms.
2024-07-05 19:34:24 INFO  Utils:112 - [Utils] MethodGroupsHelper.sortMethods() took 0 ms.
2024-07-05 19:34:24 INFO  Utils:112 - [Utils] MethodGroupsHelper.collectMethodsByGroup() took 0 ms.
2024-07-05 19:34:24 INFO  Utils:112 - [Utils] MethodGroupsHelper.sortMethods() took 0 ms.
2024-07-05 19:34:24 INFO  Utils:112 - [Utils] MethodGroupsHelper.collectMethodsByGroup() took 0 ms.
2024-07-05 19:34:24 INFO  Utils:112 - [Utils] MethodGroupsHelper.sortMethods() took 0 ms.
2024-07-05 19:34:24 INFO  Utils:112 - [Utils] MethodGroupsHelper.collectMethodsByGroup() took 0 ms.
2024-07-05 19:34:24 INFO  Utils:112 - [Utils] MethodGroupsHelper.sortMethods() took 0 ms.
2024-07-05 19:34:24 INFO  Utils:112 - [Utils] MethodGroupsHelper.collectMethodsByGroup() took 0 ms.
2024-07-05 19:34:24 INFO  Utils:112 - [Utils] MethodGroupsHelper.sortMethods() took 1 ms.
2024-07-05 19:34:24 INFO  Utils:112 - [Utils] MethodGroupsHelper.collectMethodsByGroup() took 0 ms.
2024-07-05 19:34:24 INFO  Utils:112 - [Utils] MethodGroupsHelper.sortMethods() took 0 ms.
2024-07-05 19:34:24 INFO  Utils:112 - [Utils] MethodGroupsHelper.collectMethodsByGroup() took 0 ms.
2024-07-05 19:34:24 INFO  Utils:112 - [Utils] MethodGroupsHelper.sortMethods() took 0 ms.
2024-07-05 19:34:24 INFO  Utils:112 - [TestNG] Running:
  C:\Users\new user\AppData\Local\Temp\testng-eclipse-470187969\testng-customsuite.xml

2024-07-05 19:34:24 INFO  Utils:112 - [Utils] DynamicGraphHelper.createDynamicGraph() took 7 ms.
2024-07-05 19:34:24 INFO  Utils:112 - [TestNG] Time taken by org.testng.reporters.jq.Main@58e6d4b8: 124 ms
2024-07-05 19:34:24 INFO  Utils:112 - [TestNG] Time taken by org.testng.reporters.FailedReporter@2c104774: 36 ms
2024-07-05 19:34:24 INFO  Utils:112 - [TestNG] Time taken by org.testng.reporters.XMLReporter@39dcf4b0: 18 ms
2024-07-05 19:34:24 INFO  Utils:112 - [TestNG] Time taken by org.testng.reporters.EmailableReporter2@3f28bd56: 15 ms
2024-07-05 19:34:24 INFO  Utils:112 - [TestNG] Time taken by org.testng.reporters.JUnitReportReporter@18245eb0: 10 ms
2024-07-05 19:34:24 INFO  Utils:112 - [TestNG] Time taken by org.testng.internal.ExitCodeListener@7c7d3c46: 0 ms
2024-07-05 19:34:35 INFO  Utils:112 - [TestNG] Running:
  C:\Workspace\SeleniumWebDriver\OpencartV121\master.xml

2024-07-05 19:34:39 INFO  TC004_AddProductToCart:14 - Starting TC002_LoginTest
2024-07-05 20:08:36 INFO  Utils:112 - [TestNG] Running:
  C:\Workspace\SeleniumWebDriver\OpencartV121\master.xml

2024-07-05 20:08:40 INFO  TC004_AddProductToCart:15 - Starting TC002_LoginTest
2024-07-05 20:10:25 INFO  Utils:112 - [TestNG] Running:
  C:\Workspace\SeleniumWebDriver\OpencartV121\master.xml

2024-07-05 20:10:30 INFO  TC004_AddProductToCart:15 - Starting TC002_LoginTest
2024-07-05 20:15:35 INFO  Utils:112 - [TestNG] Running:
  C:\Workspace\SeleniumWebDriver\OpencartV121\master.xml

2024-07-05 20:15:39 INFO  TC004_AddProductToCart:15 - Starting TC002_LoginTest
